<?xml version="1.0" encoding="UTF-8"?>
<testsuite name="org.pcg.ApplicationTests" time="1.111" tests="7" errors="0" skipped="0" failures="0">
  <properties>
[...]
</properties>
  <testcase name="shouldQueryEntity" classname="org.pcg.ApplicationTests" time="0.862"/>
  <testcase name="shouldCreateEntity" classname="org.pcg.ApplicationTests" time="0.031"/>
  <testcase name="shouldUpdateEntity" classname="org.pcg.ApplicationTests" time="0.086"/>
  <testcase name="shouldRetrieveEntity" classname="org.pcg.ApplicationTests" time="0.029"/>
  <testcase name="shouldDeleteEntity" classname="org.pcg.ApplicationTests" time="0.036"/>
  <testcase name="shouldReturnRepositoryIndex" classname="org.pcg.ApplicationTests" time="0.027"/>
  <testcase name="shouldPartiallyUpdateEntity" classname="org.pcg.ApplicationTests" time="0.04"/>
</testsuite>